[31mPlease check your arguments if you have upgraded adabelief-pytorch from version 0.0.5.
[31mModifications to default arguments:
[31m                           eps  weight_decouple    rectify
-----------------------  -----  -----------------  ---------
adabelief-pytorch=0.0.5  1e-08  False              False
>=0.1.0 (Current 0.2.0)  1e-16  True               True
[34mSGD better than Adam (e.g. CNN for Image Classification)    Adam better than SGD (e.g. Transformer, GAN)
----------------------------------------------------------  ----------------------------------------------
Recommended eps = 1e-8                                      Recommended eps = 1e-16
[34mFor a complete table of recommended hyperparameters, see
[34mhttps://github.com/juntang-zhuang/Adabelief-Optimizer
[32mYou can disable the log message by setting "print_change_log = False", though it is recommended to keep as a reminder.
[0m
Weight decoupling enabled in AdaBelief
Rectification enabled in AdaBelief
[31mPlease check your arguments if you have upgraded adabelief-pytorch from version 0.0.5.
[31mModifications to default arguments:
[31m                           eps  weight_decouple    rectify
-----------------------  -----  -----------------  ---------
adabelief-pytorch=0.0.5  1e-08  False              False
>=0.1.0 (Current 0.2.0)  1e-16  True               True
[34mSGD better than Adam (e.g. CNN for Image Classification)    Adam better than SGD (e.g. Transformer, GAN)
----------------------------------------------------------  ----------------------------------------------
Recommended eps = 1e-8                                      Recommended eps = 1e-16
[34mFor a complete table of recommended hyperparameters, see
[34mhttps://github.com/juntang-zhuang/Adabelief-Optimizer
[32mYou can disable the log message by setting "print_change_log = False", though it is recommended to keep as a reminder.
[0m
Weight decoupling enabled in AdaBelief
[31mPlease check your arguments if you have upgraded adabelief-pytorch from version 0.0.5.
[31mModifications to default arguments:
[31m                           eps  weight_decouple    rectify
-----------------------  -----  -----------------  ---------
adabelief-pytorch=0.0.5  1e-08  False              False
>=0.1.0 (Current 0.2.0)  1e-16  True               True
[34mSGD better than Adam (e.g. CNN for Image Classification)    Adam better than SGD (e.g. Transformer, GAN)
----------------------------------------------------------  ----------------------------------------------
Recommended eps = 1e-8                                      Recommended eps = 1e-16
[34mFor a complete table of recommended hyperparameters, see
[34mhttps://github.com/juntang-zhuang/Adabelief-Optimizer
[32mYou can disable the log message by setting "print_change_log = False", though it is recommended to keep as a reminder.
[0m
Weight decoupling enabled in AdaBelief
Rectification enabled in AdaBelief
[31mPlease check your arguments if you have upgraded adabelief-pytorch from version 0.0.5.
[31mModifications to default arguments:
[31m                           eps  weight_decouple    rectify
-----------------------  -----  -----------------  ---------
adabelief-pytorch=0.0.5  1e-08  False              False
>=0.1.0 (Current 0.2.0)  1e-16  True               True
[34mSGD better than Adam (e.g. CNN for Image Classification)    Adam better than SGD (e.g. Transformer, GAN)
----------------------------------------------------------  ----------------------------------------------
Recommended eps = 1e-8                                      Recommended eps = 1e-16
[34mFor a complete table of recommended hyperparameters, see
[34mhttps://github.com/juntang-zhuang/Adabelief-Optimizer
[32mYou can disable the log message by setting "print_change_log = False", though it is recommended to keep as a reminder.
[0m
Weight decoupling enabled in AdaBelief
Training Started for Model 1
Epoch 1/50 => Train loss: 0.7241, Train accuracy: 0.7929, Validation loss: 0.1141, Validation accuracy: 0.9639
Validation loss decreased (inf --> 0.114084). Saving model...
Epoch 2/50 => Train loss: 0.3066, Train accuracy: 0.9035, Validation loss: 0.0825, Validation accuracy: 0.9707
Validation loss decreased (0.114084 --> 0.082536). Saving model...
Epoch 3/50 => Train loss: 0.2501, Train accuracy: 0.9208, Validation loss: 0.0807, Validation accuracy: 0.9703
Validation loss decreased (0.082536 --> 0.080749). Saving model...
Epoch 4/50 => Train loss: 0.2119, Train accuracy: 0.9323, Validation loss: 0.0710, Validation accuracy: 0.9770
Validation loss decreased (0.080749 --> 0.071043). Saving model...
Epoch 5/50 => Train loss: 0.1872, Train accuracy: 0.9391, Validation loss: 0.0403, Validation accuracy: 0.9858
Validation loss decreased (0.071043 --> 0.040270). Saving model...
Epoch 6/50 => Train loss: 0.1698, Train accuracy: 0.9459, Validation loss: 0.0429, Validation accuracy: 0.9851
EarlyStopping counter: 1 out of 10
Epoch 7/50 => Train loss: 0.1585, Train accuracy: 0.9491, Validation loss: 0.0327, Validation accuracy: 0.9897
Validation loss decreased (0.040270 --> 0.032652). Saving model...
Epoch 8/50 => Train loss: 0.1024, Train accuracy: 0.9671, Validation loss: 0.0220, Validation accuracy: 0.9923
Validation loss decreased (0.032652 --> 0.021983). Saving model...
Epoch 9/50 => Train loss: 0.0810, Train accuracy: 0.9737, Validation loss: 0.0178, Validation accuracy: 0.9936
Validation loss decreased (0.021983 --> 0.017820). Saving model...
Epoch 10/50 => Train loss: 0.0739, Train accuracy: 0.9764, Validation loss: 0.0150, Validation accuracy: 0.9950
Validation loss decreased (0.017820 --> 0.014996). Saving model...
Epoch 11/50 => Train loss: 0.0706, Train accuracy: 0.9773, Validation loss: 0.0135, Validation accuracy: 0.9950
Validation loss decreased (0.014996 --> 0.013486). Saving model...
Epoch 12/50 => Train loss: 0.0661, Train accuracy: 0.9778, Validation loss: 0.0140, Validation accuracy: 0.9950
EarlyStopping counter: 1 out of 10
Epoch 13/50 => Train loss: 0.0647, Train accuracy: 0.9787, Validation loss: 0.0127, Validation accuracy: 0.9961
Validation loss decreased (0.013486 --> 0.012653). Saving model...
Epoch 14/50 => Train loss: 0.0623, Train accuracy: 0.9793, Validation loss: 0.0133, Validation accuracy: 0.9956
EarlyStopping counter: 1 out of 10
Epoch 15/50 => Train loss: 0.0615, Train accuracy: 0.9790, Validation loss: 0.0122, Validation accuracy: 0.9959
Validation loss decreased (0.012653 --> 0.012241). Saving model...
Epoch 16/50 => Train loss: 0.0611, Train accuracy: 0.9794, Validation loss: 0.0122, Validation accuracy: 0.9963
Validation loss decreased (0.012241 --> 0.012210). Saving model...
Epoch 17/50 => Train loss: 0.0607, Train accuracy: 0.9802, Validation loss: 0.0125, Validation accuracy: 0.9956
EarlyStopping counter: 1 out of 10
Epoch 18/50 => Train loss: 0.0601, Train accuracy: 0.9807, Validation loss: 0.0123, Validation accuracy: 0.9959
EarlyStopping counter: 2 out of 10
Epoch 19/50 => Train loss: 0.0574, Train accuracy: 0.9808, Validation loss: 0.0118, Validation accuracy: 0.9958
Validation loss decreased (0.012210 --> 0.011831). Saving model...
Epoch 20/50 => Train loss: 0.0560, Train accuracy: 0.9822, Validation loss: 0.0119, Validation accuracy: 0.9956
EarlyStopping counter: 1 out of 10
Epoch 21/50 => Train loss: 0.0585, Train accuracy: 0.9805, Validation loss: 0.0110, Validation accuracy: 0.9961
Validation loss decreased (0.011831 --> 0.011046). Saving model...
Epoch 22/50 => Train loss: 0.0581, Train accuracy: 0.9815, Validation loss: 0.0114, Validation accuracy: 0.9963
EarlyStopping counter: 1 out of 10
Epoch 23/50 => Train loss: 0.0569, Train accuracy: 0.9808, Validation loss: 0.0114, Validation accuracy: 0.9963
EarlyStopping counter: 2 out of 10
Epoch 24/50 => Train loss: 0.0584, Train accuracy: 0.9806, Validation loss: 0.0119, Validation accuracy: 0.9961
EarlyStopping counter: 3 out of 10
Epoch 25/50 => Train loss: 0.0570, Train accuracy: 0.9812, Validation loss: 0.0113, Validation accuracy: 0.9961
EarlyStopping counter: 4 out of 10
Epoch 26/50 => Train loss: 0.0562, Train accuracy: 0.9819, Validation loss: 0.0112, Validation accuracy: 0.9961
EarlyStopping counter: 5 out of 10
Epoch 27/50 => Train loss: 0.0609, Train accuracy: 0.9810, Validation loss: 0.0109, Validation accuracy: 0.9961
Validation loss decreased (0.011046 --> 0.010933). Saving model...
Epoch 28/50 => Train loss: 0.0583, Train accuracy: 0.9801, Validation loss: 0.0112, Validation accuracy: 0.9963
EarlyStopping counter: 1 out of 10
Epoch 29/50 => Train loss: 0.0561, Train accuracy: 0.9816, Validation loss: 0.0116, Validation accuracy: 0.9958
EarlyStopping counter: 2 out of 10
Epoch 30/50 => Train loss: 0.0577, Train accuracy: 0.9810, Validation loss: 0.0116, Validation accuracy: 0.9959
EarlyStopping counter: 3 out of 10
Epoch 31/50 => Train loss: 0.0596, Train accuracy: 0.9808, Validation loss: 0.0107, Validation accuracy: 0.9969
Validation loss decreased (0.010933 --> 0.010718). Saving model...
Epoch 32/50 => Train loss: 0.0571, Train accuracy: 0.9813, Validation loss: 0.0114, Validation accuracy: 0.9963
EarlyStopping counter: 1 out of 10
Epoch 33/50 => Train loss: 0.0590, Train accuracy: 0.9808, Validation loss: 0.0115, Validation accuracy: 0.9959
EarlyStopping counter: 2 out of 10
Epoch 34/50 => Train loss: 0.0580, Train accuracy: 0.9808, Validation loss: 0.0113, Validation accuracy: 0.9963
EarlyStopping counter: 3 out of 10
Epoch 35/50 => Train loss: 0.0586, Train accuracy: 0.9804, Validation loss: 0.0116, Validation accuracy: 0.9961
EarlyStopping counter: 4 out of 10
Epoch 36/50 => Train loss: 0.0565, Train accuracy: 0.9816, Validation loss: 0.0112, Validation accuracy: 0.9963
EarlyStopping counter: 5 out of 10
Epoch 37/50 => Train loss: 0.0602, Train accuracy: 0.9808, Validation loss: 0.0115, Validation accuracy: 0.9961
EarlyStopping counter: 6 out of 10
Epoch 38/50 => Train loss: 0.0577, Train accuracy: 0.9813, Validation loss: 0.0116, Validation accuracy: 0.9961
EarlyStopping counter: 7 out of 10
Epoch 39/50 => Train loss: 0.0577, Train accuracy: 0.9804, Validation loss: 0.0110, Validation accuracy: 0.9963
EarlyStopping counter: 8 out of 10
Epoch 40/50 => Train loss: 0.0591, Train accuracy: 0.9813, Validation loss: 0.0122, Validation accuracy: 0.9954
EarlyStopping counter: 9 out of 10
Epoch 41/50 => Train loss: 0.0584, Train accuracy: 0.9812, Validation loss: 0.0113, Validation accuracy: 0.9963
EarlyStopping counter: 10 out of 10
Early stopping triggered
Test Loss: 0.0100
Test Accuracy: 0.9972
Training Complete for Model 1
Training Started for Model 2
Epoch 1/50 => Train loss: 0.5602, Train accuracy: 0.8319, Validation loss: 0.0869, Validation accuracy: 0.9696
Validation loss decreased (inf --> 0.086923). Saving model...
Epoch 2/50 => Train loss: 0.2630, Train accuracy: 0.9154, Validation loss: 0.0848, Validation accuracy: 0.9707
Validation loss decreased (0.086923 --> 0.084819). Saving model...
Epoch 3/50 => Train loss: 0.2051, Train accuracy: 0.9338, Validation loss: 0.0529, Validation accuracy: 0.9827
Validation loss decreased (0.084819 --> 0.052871). Saving model...
Epoch 4/50 => Train loss: 0.1808, Train accuracy: 0.9399, Validation loss: 0.0437, Validation accuracy: 0.9854
Validation loss decreased (0.052871 --> 0.043665). Saving model...
Epoch 5/50 => Train loss: 0.1658, Train accuracy: 0.9467, Validation loss: 0.0755, Validation accuracy: 0.9748
EarlyStopping counter: 1 out of 10
Epoch 6/50 => Train loss: 0.1347, Train accuracy: 0.9559, Validation loss: 0.0570, Validation accuracy: 0.9825
EarlyStopping counter: 2 out of 10
Epoch 7/50 => Train loss: 0.1392, Train accuracy: 0.9551, Validation loss: 0.0217, Validation accuracy: 0.9924
Validation loss decreased (0.043665 --> 0.021735). Saving model...
Epoch 8/50 => Train loss: 0.0846, Train accuracy: 0.9724, Validation loss: 0.0152, Validation accuracy: 0.9948
Validation loss decreased (0.021735 --> 0.015167). Saving model...
Epoch 9/50 => Train loss: 0.0683, Train accuracy: 0.9775, Validation loss: 0.0152, Validation accuracy: 0.9954
EarlyStopping counter: 1 out of 10
Epoch 10/50 => Train loss: 0.0692, Train accuracy: 0.9775, Validation loss: 0.0120, Validation accuracy: 0.9959
Validation loss decreased (0.015167 --> 0.012047). Saving model...
Epoch 11/50 => Train loss: 0.0625, Train accuracy: 0.9801, Validation loss: 0.0145, Validation accuracy: 0.9943
EarlyStopping counter: 1 out of 10
Epoch 12/50 => Train loss: 0.0559, Train accuracy: 0.9812, Validation loss: 0.0115, Validation accuracy: 0.9961
Validation loss decreased (0.012047 --> 0.011482). Saving model...
Epoch 13/50 => Train loss: 0.0553, Train accuracy: 0.9818, Validation loss: 0.0142, Validation accuracy: 0.9952
EarlyStopping counter: 1 out of 10
Epoch 14/50 => Train loss: 0.0529, Train accuracy: 0.9822, Validation loss: 0.0172, Validation accuracy: 0.9945
EarlyStopping counter: 2 out of 10
Epoch 15/50 => Train loss: 0.0482, Train accuracy: 0.9841, Validation loss: 0.0136, Validation accuracy: 0.9959
EarlyStopping counter: 3 out of 10
Epoch 16/50 => Train loss: 0.0525, Train accuracy: 0.9832, Validation loss: 0.0118, Validation accuracy: 0.9959
EarlyStopping counter: 4 out of 10
Epoch 17/50 => Train loss: 0.0514, Train accuracy: 0.9833, Validation loss: 0.0139, Validation accuracy: 0.9954
EarlyStopping counter: 5 out of 10
Epoch 18/50 => Train loss: 0.0495, Train accuracy: 0.9838, Validation loss: 0.0115, Validation accuracy: 0.9959
Validation loss decreased (0.011482 --> 0.011451). Saving model...
Epoch 19/50 => Train loss: 0.0495, Train accuracy: 0.9834, Validation loss: 0.0095, Validation accuracy: 0.9969
Validation loss decreased (0.011451 --> 0.009525). Saving model...
Epoch 20/50 => Train loss: 0.0477, Train accuracy: 0.9838, Validation loss: 0.0099, Validation accuracy: 0.9967
EarlyStopping counter: 1 out of 10
Epoch 21/50 => Train loss: 0.0507, Train accuracy: 0.9829, Validation loss: 0.0114, Validation accuracy: 0.9958
EarlyStopping counter: 2 out of 10
Epoch 22/50 => Train loss: 0.0488, Train accuracy: 0.9837, Validation loss: 0.0114, Validation accuracy: 0.9963
EarlyStopping counter: 3 out of 10
Epoch 23/50 => Train loss: 0.0470, Train accuracy: 0.9847, Validation loss: 0.0120, Validation accuracy: 0.9954
EarlyStopping counter: 4 out of 10
Epoch 24/50 => Train loss: 0.0496, Train accuracy: 0.9831, Validation loss: 0.0094, Validation accuracy: 0.9965
Validation loss decreased (0.009525 --> 0.009387). Saving model...
Epoch 25/50 => Train loss: 0.0464, Train accuracy: 0.9847, Validation loss: 0.0111, Validation accuracy: 0.9958
EarlyStopping counter: 1 out of 10
Epoch 26/50 => Train loss: 0.0483, Train accuracy: 0.9843, Validation loss: 0.0109, Validation accuracy: 0.9965
EarlyStopping counter: 2 out of 10
Epoch 27/50 => Train loss: 0.0520, Train accuracy: 0.9828, Validation loss: 0.0110, Validation accuracy: 0.9959
EarlyStopping counter: 3 out of 10
Epoch 28/50 => Train loss: 0.0514, Train accuracy: 0.9830, Validation loss: 0.0147, Validation accuracy: 0.9950
EarlyStopping counter: 4 out of 10
Epoch 29/50 => Train loss: 0.0501, Train accuracy: 0.9836, Validation loss: 0.0104, Validation accuracy: 0.9965
EarlyStopping counter: 5 out of 10
Epoch 30/50 => Train loss: 0.0478, Train accuracy: 0.9846, Validation loss: 0.0120, Validation accuracy: 0.9954
EarlyStopping counter: 6 out of 10
Epoch 31/50 => Train loss: 0.0483, Train accuracy: 0.9840, Validation loss: 0.0137, Validation accuracy: 0.9952
EarlyStopping counter: 7 out of 10
Epoch 32/50 => Train loss: 0.0515, Train accuracy: 0.9834, Validation loss: 0.0104, Validation accuracy: 0.9963
EarlyStopping counter: 8 out of 10
Epoch 33/50 => Train loss: 0.0493, Train accuracy: 0.9842, Validation loss: 0.0112, Validation accuracy: 0.9967
EarlyStopping counter: 9 out of 10
Epoch 34/50 => Train loss: 0.0515, Train accuracy: 0.9830, Validation loss: 0.0127, Validation accuracy: 0.9959
EarlyStopping counter: 10 out of 10
Early stopping triggered
Test Loss: 0.0105
Test Accuracy: 0.9969
Training Complete for Model 2
Training Started for Model 3
Epoch 1/50 => Train loss: 0.0422, Train accuracy: 0.9855, Validation loss: 0.0150, Validation accuracy: 0.9948
Validation loss decreased (inf --> 0.015013). Saving model...
Epoch 2/50 => Train loss: 0.0337, Train accuracy: 0.9880, Validation loss: 0.0204, Validation accuracy: 0.9932
EarlyStopping counter: 1 out of 10
Epoch 3/50 => Train loss: 0.0319, Train accuracy: 0.9896, Validation loss: 0.0349, Validation accuracy: 0.9897
EarlyStopping counter: 2 out of 10
Epoch 4/50 => Train loss: 0.0332, Train accuracy: 0.9883, Validation loss: 0.0174, Validation accuracy: 0.9934
EarlyStopping counter: 3 out of 10
Epoch 5/50 => Train loss: 0.0303, Train accuracy: 0.9899, Validation loss: 0.0107, Validation accuracy: 0.9965
Validation loss decreased (0.015013 --> 0.010729). Saving model...
Epoch 6/50 => Train loss: 0.0302, Train accuracy: 0.9902, Validation loss: 0.0171, Validation accuracy: 0.9943
EarlyStopping counter: 1 out of 10
Epoch 7/50 => Train loss: 0.0232, Train accuracy: 0.9925, Validation loss: 0.0263, Validation accuracy: 0.9917
EarlyStopping counter: 2 out of 10
Epoch 8/50 => Train loss: 0.0129, Train accuracy: 0.9957, Validation loss: 0.0070, Validation accuracy: 0.9974
Validation loss decreased (0.010729 --> 0.006984). Saving model...
Epoch 9/50 => Train loss: 0.0085, Train accuracy: 0.9972, Validation loss: 0.0069, Validation accuracy: 0.9972
Validation loss decreased (0.006984 --> 0.006930). Saving model...
Epoch 10/50 => Train loss: 0.0077, Train accuracy: 0.9978, Validation loss: 0.0066, Validation accuracy: 0.9978
Validation loss decreased (0.006930 --> 0.006649). Saving model...
Epoch 11/50 => Train loss: 0.0065, Train accuracy: 0.9982, Validation loss: 0.0058, Validation accuracy: 0.9982
Validation loss decreased (0.006649 --> 0.005773). Saving model...
Epoch 12/50 => Train loss: 0.0063, Train accuracy: 0.9980, Validation loss: 0.0073, Validation accuracy: 0.9971
EarlyStopping counter: 1 out of 10
Epoch 13/50 => Train loss: 0.0057, Train accuracy: 0.9982, Validation loss: 0.0071, Validation accuracy: 0.9976
EarlyStopping counter: 2 out of 10
Epoch 14/50 => Train loss: 0.0059, Train accuracy: 0.9981, Validation loss: 0.0073, Validation accuracy: 0.9974
EarlyStopping counter: 3 out of 10
Epoch 15/50 => Train loss: 0.0053, Train accuracy: 0.9983, Validation loss: 0.0070, Validation accuracy: 0.9976
EarlyStopping counter: 4 out of 10
Epoch 16/50 => Train loss: 0.0048, Train accuracy: 0.9986, Validation loss: 0.0074, Validation accuracy: 0.9972
EarlyStopping counter: 5 out of 10
Epoch 17/50 => Train loss: 0.0046, Train accuracy: 0.9987, Validation loss: 0.0073, Validation accuracy: 0.9978
EarlyStopping counter: 6 out of 10
Epoch 18/50 => Train loss: 0.0049, Train accuracy: 0.9985, Validation loss: 0.0073, Validation accuracy: 0.9974
EarlyStopping counter: 7 out of 10
Epoch 19/50 => Train loss: 0.0048, Train accuracy: 0.9985, Validation loss: 0.0070, Validation accuracy: 0.9971
EarlyStopping counter: 8 out of 10
Epoch 20/50 => Train loss: 0.0045, Train accuracy: 0.9986, Validation loss: 0.0069, Validation accuracy: 0.9978
EarlyStopping counter: 9 out of 10
Epoch 21/50 => Train loss: 0.0043, Train accuracy: 0.9988, Validation loss: 0.0069, Validation accuracy: 0.9978
EarlyStopping counter: 10 out of 10
Early stopping triggered
Test Loss: 0.0070
Test Accuracy: 0.9989
Training Complete for Model 3
Training Started for Model 4
Epoch 1/50 => Train loss: 0.0263, Train accuracy: 0.9911, Validation loss: 0.0134, Validation accuracy: 0.9954
Validation loss decreased (inf --> 0.013401). Saving model...
Epoch 2/50 => Train loss: 0.0153, Train accuracy: 0.9948, Validation loss: 0.0150, Validation accuracy: 0.9941
EarlyStopping counter: 1 out of 10
Epoch 3/50 => Train loss: 0.0146, Train accuracy: 0.9951, Validation loss: 0.0118, Validation accuracy: 0.9969
Validation loss decreased (0.013401 --> 0.011825). Saving model...
Epoch 4/50 => Train loss: 0.0101, Train accuracy: 0.9965, Validation loss: 0.0122, Validation accuracy: 0.9971
EarlyStopping counter: 1 out of 10
Epoch 5/50 => Train loss: 0.0100, Train accuracy: 0.9969, Validation loss: 0.0200, Validation accuracy: 0.9945
EarlyStopping counter: 2 out of 10
Epoch 6/50 => Train loss: 0.0074, Train accuracy: 0.9976, Validation loss: 0.0110, Validation accuracy: 0.9969
Validation loss decreased (0.011825 --> 0.010998). Saving model...
Epoch 7/50 => Train loss: 0.0078, Train accuracy: 0.9976, Validation loss: 0.0111, Validation accuracy: 0.9961
EarlyStopping counter: 1 out of 10
Epoch 8/50 => Train loss: 0.0047, Train accuracy: 0.9984, Validation loss: 0.0061, Validation accuracy: 0.9980
Validation loss decreased (0.010998 --> 0.006089). Saving model...
Epoch 9/50 => Train loss: 0.0039, Train accuracy: 0.9987, Validation loss: 0.0055, Validation accuracy: 0.9982
Validation loss decreased (0.006089 --> 0.005456). Saving model...
Epoch 10/50 => Train loss: 0.0031, Train accuracy: 0.9991, Validation loss: 0.0052, Validation accuracy: 0.9982
Validation loss decreased (0.005456 --> 0.005245). Saving model...
Epoch 11/50 => Train loss: 0.0034, Train accuracy: 0.9989, Validation loss: 0.0050, Validation accuracy: 0.9989
Validation loss decreased (0.005245 --> 0.005021). Saving model...
Epoch 12/50 => Train loss: 0.0025, Train accuracy: 0.9992, Validation loss: 0.0047, Validation accuracy: 0.9989
Validation loss decreased (0.005021 --> 0.004718). Saving model...
Epoch 13/50 => Train loss: 0.0022, Train accuracy: 0.9994, Validation loss: 0.0051, Validation accuracy: 0.9987
EarlyStopping counter: 1 out of 10
Epoch 14/50 => Train loss: 0.0020, Train accuracy: 0.9995, Validation loss: 0.0047, Validation accuracy: 0.9985
EarlyStopping counter: 2 out of 10
Epoch 15/50 => Train loss: 0.0018, Train accuracy: 0.9995, Validation loss: 0.0049, Validation accuracy: 0.9991
EarlyStopping counter: 3 out of 10
Epoch 16/50 => Train loss: 0.0017, Train accuracy: 0.9996, Validation loss: 0.0045, Validation accuracy: 0.9989
Validation loss decreased (0.004718 --> 0.004497). Saving model...
Epoch 17/50 => Train loss: 0.0015, Train accuracy: 0.9996, Validation loss: 0.0046, Validation accuracy: 0.9987
EarlyStopping counter: 1 out of 10
Epoch 18/50 => Train loss: 0.0022, Train accuracy: 0.9995, Validation loss: 0.0049, Validation accuracy: 0.9989
EarlyStopping counter: 2 out of 10
Epoch 19/50 => Train loss: 0.0026, Train accuracy: 0.9992, Validation loss: 0.0046, Validation accuracy: 0.9989
EarlyStopping counter: 3 out of 10
Epoch 20/50 => Train loss: 0.0017, Train accuracy: 0.9994, Validation loss: 0.0041, Validation accuracy: 0.9993
Validation loss decreased (0.004497 --> 0.004110). Saving model...
Epoch 21/50 => Train loss: 0.0025, Train accuracy: 0.9992, Validation loss: 0.0043, Validation accuracy: 0.9994
EarlyStopping counter: 1 out of 10
Epoch 22/50 => Train loss: 0.0020, Train accuracy: 0.9994, Validation loss: 0.0046, Validation accuracy: 0.9987
EarlyStopping counter: 2 out of 10
Epoch 23/50 => Train loss: 0.0018, Train accuracy: 0.9995, Validation loss: 0.0046, Validation accuracy: 0.9989
EarlyStopping counter: 3 out of 10
Epoch 24/50 => Train loss: 0.0022, Train accuracy: 0.9993, Validation loss: 0.0045, Validation accuracy: 0.9987
EarlyStopping counter: 4 out of 10
Epoch 25/50 => Train loss: 0.0023, Train accuracy: 0.9993, Validation loss: 0.0045, Validation accuracy: 0.9987
EarlyStopping counter: 5 out of 10
Epoch 26/50 => Train loss: 0.0023, Train accuracy: 0.9993, Validation loss: 0.0046, Validation accuracy: 0.9993
EarlyStopping counter: 6 out of 10
Epoch 27/50 => Train loss: 0.0022, Train accuracy: 0.9994, Validation loss: 0.0046, Validation accuracy: 0.9987
EarlyStopping counter: 7 out of 10
Epoch 28/50 => Train loss: 0.0021, Train accuracy: 0.9994, Validation loss: 0.0042, Validation accuracy: 0.9991
EarlyStopping counter: 8 out of 10
Epoch 29/50 => Train loss: 0.0020, Train accuracy: 0.9994, Validation loss: 0.0044, Validation accuracy: 0.9993
EarlyStopping counter: 9 out of 10
Epoch 30/50 => Train loss: 0.0018, Train accuracy: 0.9995, Validation loss: 0.0047, Validation accuracy: 0.9991
EarlyStopping counter: 10 out of 10
Early stopping triggered
Test Loss: 0.0052
Test Accuracy: 0.9987
Training Complete for Model 4
Validation Accuracy: 99.87%
Validation Loss: 0.0033
Test Accuracy: 99.94%
Test Loss: 0.0042

Test Set Classification Report:
              precision    recall  f1-score   support

           0       1.00      1.00      1.00        63
           1       1.00      1.00      1.00        63
           2       1.00      1.00      1.00        28
           3       1.00      1.00      1.00       165
           4       1.00      1.00      1.00       151
           5       1.00      1.00      1.00       106
           6       1.00      1.00      1.00        86
           7       0.98      1.00      0.99        52
           8       0.99      1.00      1.00       120
           9       1.00      0.98      0.99        99
          10       1.00      1.00      1.00       117
          11       1.00      1.00      1.00       118
          12       1.00      1.00      1.00       139
          13       1.00      1.00      1.00       108
          14       1.00      1.00      1.00        43
          15       1.00      1.00      1.00       551
          16       1.00      1.00      1.00       230
          17       1.00      1.00      1.00        36
          18       1.00      1.00      1.00       100
          19       1.00      1.00      1.00       148
          20       1.00      1.00      1.00       100
          21       1.00      1.00      1.00       100
          22       1.00      1.00      1.00        16
          23       1.00      1.00      1.00        38
          24       1.00      1.00      1.00       509
          25       1.00      1.00      1.00       184
          26       1.00      1.00      1.00       111
          27       1.00      1.00      1.00        46
          28       1.00      1.00      1.00       213
          29       1.00      1.00      1.00       100
          30       1.00      0.99      1.00       191
          31       1.00      1.00      1.00        96
          32       1.00      1.00      1.00       178
          33       1.00      1.00      1.00       168
          34       1.00      1.00      1.00       141
          35       1.00      1.00      1.00       536
          36       1.00      1.00      1.00        38
          37       0.99      1.00      1.00       160

    accuracy                           1.00      5448
   macro avg       1.00      1.00      1.00      5448
weighted avg       1.00      1.00      1.00      5448

