/cs/home/psxrm17/miniconda3/lib/python3.11/site-packages/torch/utils/data/dataloader.py:560: UserWarning: This DataLoader will create 4 worker processes in total. Our suggested max number of worker in current system is 2, which is smaller than what this DataLoader is going to create. Please be aware that excessive worker creation might get DataLoader running slow or even freeze, lower the worker number to avoid potential slowness/freeze if necessary.
  warnings.warn(_create_warning_msg(
/cs/home/psxrm17/miniconda3/lib/python3.11/site-packages/torchvision/models/_utils.py:208: UserWarning: The parameter 'pretrained' is deprecated since 0.13 and may be removed in the future, please use 'weights' instead.
  warnings.warn(
/cs/home/psxrm17/miniconda3/lib/python3.11/site-packages/torchvision/models/_utils.py:223: UserWarning: Arguments other than a weight enum or `None` for 'weights' are deprecated since 0.13 and may be removed in the future. The current behavior is equivalent to passing `weights=DenseNet121_Weights.IMAGENET1K_V1`. You can also use `weights=DenseNet121_Weights.DEFAULT` to get the most up-to-date weights.
  warnings.warn(msg)
[31mPlease check your arguments if you have upgraded adabelief-pytorch from version 0.0.5.
[31mModifications to default arguments:
[31m                           eps  weight_decouple    rectify
-----------------------  -----  -----------------  ---------
adabelief-pytorch=0.0.5  1e-08  False              False
>=0.1.0 (Current 0.2.0)  1e-16  True               True
[34mSGD better than Adam (e.g. CNN for Image Classification)    Adam better than SGD (e.g. Transformer, GAN)
----------------------------------------------------------  ----------------------------------------------
Recommended eps = 1e-8                                      Recommended eps = 1e-16
[34mFor a complete table of recommended hyperparameters, see
[34mhttps://github.com/juntang-zhuang/Adabelief-Optimizer
[32mYou can disable the log message by setting "print_change_log = False", though it is recommended to keep as a reminder.
[0m
Weight decoupling enabled in AdaBelief
Rectification enabled in AdaBelief
Training Started
Epoch 1/50 => Train loss: 0.8041, Train accuracy: 0.7710, Validation loss: 0.2363, Validation accuracy: 0.9215
Validation loss decreased (inf --> 0.236280). Saving model...
Epoch 2/50 => Train loss: 0.4262, Train accuracy: 0.8642, Validation loss: 0.1614, Validation accuracy: 0.9490
Validation loss decreased (0.236280 --> 0.161353). Saving model...
Epoch 3/50 => Train loss: 0.3658, Train accuracy: 0.8843, Validation loss: 0.2109, Validation accuracy: 0.9379
EarlyStopping counter: 1 out of 10
Epoch 4/50 => Train loss: 0.3137, Train accuracy: 0.8985, Validation loss: 0.1157, Validation accuracy: 0.9622
Validation loss decreased (0.161353 --> 0.115735). Saving model...
Epoch 5/50 => Train loss: 0.2917, Train accuracy: 0.9080, Validation loss: 0.0803, Validation accuracy: 0.9718
Validation loss decreased (0.115735 --> 0.080254). Saving model...
Epoch 6/50 => Train loss: 0.2627, Train accuracy: 0.9159, Validation loss: 0.0831, Validation accuracy: 0.9731
EarlyStopping counter: 1 out of 10
Epoch 7/50 => Train loss: 0.2385, Train accuracy: 0.9231, Validation loss: 0.1146, Validation accuracy: 0.9667
EarlyStopping counter: 2 out of 10
Epoch 8/50 => Train loss: 0.1351, Train accuracy: 0.9562, Validation loss: 0.0258, Validation accuracy: 0.9915
Validation loss decreased (0.080254 --> 0.025840). Saving model...
Epoch 9/50 => Train loss: 0.1033, Train accuracy: 0.9657, Validation loss: 0.0263, Validation accuracy: 0.9912
EarlyStopping counter: 1 out of 10
Epoch 10/50 => Train loss: 0.1006, Train accuracy: 0.9676, Validation loss: 0.0208, Validation accuracy: 0.9926
Validation loss decreased (0.025840 --> 0.020777). Saving model...
Epoch 11/50 => Train loss: 0.0926, Train accuracy: 0.9699, Validation loss: 0.0186, Validation accuracy: 0.9941
Validation loss decreased (0.020777 --> 0.018643). Saving model...
Epoch 12/50 => Train loss: 0.0872, Train accuracy: 0.9713, Validation loss: 0.0187, Validation accuracy: 0.9936
EarlyStopping counter: 1 out of 10
Epoch 13/50 => Train loss: 0.0883, Train accuracy: 0.9713, Validation loss: 0.0206, Validation accuracy: 0.9934
EarlyStopping counter: 2 out of 10
Epoch 14/50 => Train loss: 0.0873, Train accuracy: 0.9712, Validation loss: 0.0172, Validation accuracy: 0.9937
Validation loss decreased (0.018643 --> 0.017183). Saving model...
Epoch 15/50 => Train loss: 0.0764, Train accuracy: 0.9754, Validation loss: 0.0163, Validation accuracy: 0.9947
Validation loss decreased (0.017183 --> 0.016342). Saving model...
Epoch 16/50 => Train loss: 0.0795, Train accuracy: 0.9744, Validation loss: 0.0166, Validation accuracy: 0.9948
EarlyStopping counter: 1 out of 10
Epoch 17/50 => Train loss: 0.0736, Train accuracy: 0.9763, Validation loss: 0.0186, Validation accuracy: 0.9937
EarlyStopping counter: 2 out of 10
Epoch 18/50 => Train loss: 0.0735, Train accuracy: 0.9767, Validation loss: 0.0159, Validation accuracy: 0.9939
Validation loss decreased (0.016342 --> 0.015895). Saving model...
Epoch 19/50 => Train loss: 0.0716, Train accuracy: 0.9765, Validation loss: 0.0173, Validation accuracy: 0.9939
EarlyStopping counter: 1 out of 10
Epoch 20/50 => Train loss: 0.0742, Train accuracy: 0.9760, Validation loss: 0.0174, Validation accuracy: 0.9939
EarlyStopping counter: 2 out of 10
Epoch 21/50 => Train loss: 0.0730, Train accuracy: 0.9769, Validation loss: 0.0155, Validation accuracy: 0.9945
Validation loss decreased (0.015895 --> 0.015456). Saving model...
Epoch 22/50 => Train loss: 0.0726, Train accuracy: 0.9762, Validation loss: 0.0161, Validation accuracy: 0.9947
EarlyStopping counter: 1 out of 10
Epoch 23/50 => Train loss: 0.0713, Train accuracy: 0.9771, Validation loss: 0.0163, Validation accuracy: 0.9939
EarlyStopping counter: 2 out of 10
Epoch 24/50 => Train loss: 0.0706, Train accuracy: 0.9769, Validation loss: 0.0165, Validation accuracy: 0.9941
EarlyStopping counter: 3 out of 10
Epoch 25/50 => Train loss: 0.0719, Train accuracy: 0.9772, Validation loss: 0.0151, Validation accuracy: 0.9947
Validation loss decreased (0.015456 --> 0.015062). Saving model...
Epoch 26/50 => Train loss: 0.0704, Train accuracy: 0.9774, Validation loss: 0.0166, Validation accuracy: 0.9941
EarlyStopping counter: 1 out of 10
Epoch 27/50 => Train loss: 0.0739, Train accuracy: 0.9753, Validation loss: 0.0165, Validation accuracy: 0.9943
EarlyStopping counter: 2 out of 10
Epoch 28/50 => Train loss: 0.0702, Train accuracy: 0.9776, Validation loss: 0.0164, Validation accuracy: 0.9941
EarlyStopping counter: 3 out of 10
Epoch 29/50 => Train loss: 0.0720, Train accuracy: 0.9769, Validation loss: 0.0177, Validation accuracy: 0.9939
EarlyStopping counter: 4 out of 10
Epoch 30/50 => Train loss: 0.0714, Train accuracy: 0.9770, Validation loss: 0.0160, Validation accuracy: 0.9945
EarlyStopping counter: 5 out of 10
Epoch 31/50 => Train loss: 0.0716, Train accuracy: 0.9761, Validation loss: 0.0172, Validation accuracy: 0.9941
EarlyStopping counter: 6 out of 10
Epoch 32/50 => Train loss: 0.0729, Train accuracy: 0.9755, Validation loss: 0.0168, Validation accuracy: 0.9934
EarlyStopping counter: 7 out of 10
Epoch 33/50 => Train loss: 0.0711, Train accuracy: 0.9762, Validation loss: 0.0175, Validation accuracy: 0.9943
EarlyStopping counter: 8 out of 10
Epoch 34/50 => Train loss: 0.0726, Train accuracy: 0.9765, Validation loss: 0.0164, Validation accuracy: 0.9943
EarlyStopping counter: 9 out of 10
Epoch 35/50 => Train loss: 0.0726, Train accuracy: 0.9763, Validation loss: 0.0161, Validation accuracy: 0.9941
EarlyStopping counter: 10 out of 10
Early stopping triggered
Training Complete
Test Loss: 0.0166
Test Accuracy: 0.9960
                                                    precision    recall  f1-score   support

                                Apple___Apple_scab       1.00      0.98      0.99        63
                                 Apple___Black_rot       1.00      1.00      1.00        63
                          Apple___Cedar_apple_rust       1.00      1.00      1.00        28
                                   Apple___healthy       0.99      1.00      0.99       165
                               Blueberry___healthy       0.99      1.00      1.00       151
          Cherry_(including_sour)___Powdery_mildew       1.00      0.99      1.00       106
                 Cherry_(including_sour)___healthy       0.99      1.00      0.99        86
Corn_(maize)___Cercospora_leaf_spot Gray_leaf_spot       0.96      0.98      0.97        52
                       Corn_(maize)___Common_rust_       1.00      1.00      1.00       120
               Corn_(maize)___Northern_Leaf_Blight       0.99      0.98      0.98        99
                            Corn_(maize)___healthy       1.00      1.00      1.00       117
                                 Grape___Black_rot       0.99      1.00      1.00       118
                      Grape___Esca_(Black_Measles)       1.00      0.99      1.00       139
        Grape___Leaf_blight_(Isariopsis_Leaf_Spot)       1.00      1.00      1.00       108
                                   Grape___healthy       1.00      1.00      1.00        43
          Orange___Haunglongbing_(Citrus_greening)       1.00      1.00      1.00       551
                            Peach___Bacterial_spot       1.00      1.00      1.00       230
                                   Peach___healthy       1.00      1.00      1.00        36
                     Pepper,_bell___Bacterial_spot       1.00      1.00      1.00       100
                            Pepper,_bell___healthy       1.00      0.99      0.99       148
                             Potato___Early_blight       0.99      1.00      1.00       100
                              Potato___Late_blight       1.00      1.00      1.00       100
                                  Potato___healthy       1.00      0.94      0.97        16
                               Raspberry___healthy       1.00      1.00      1.00        38
                                 Soybean___healthy       1.00      1.00      1.00       509
                           Squash___Powdery_mildew       1.00      1.00      1.00       184
                          Strawberry___Leaf_scorch       1.00      1.00      1.00       111
                              Strawberry___healthy       1.00      1.00      1.00        46
                           Tomato___Bacterial_spot       1.00      1.00      1.00       213
                             Tomato___Early_blight       0.99      0.92      0.95       100
                              Tomato___Late_blight       0.99      0.99      0.99       191
                                Tomato___Leaf_Mold       1.00      0.99      0.99        96
                       Tomato___Septoria_leaf_spot       0.97      0.99      0.98       178
     Tomato___Spider_mites Two-spotted_spider_mite       1.00      1.00      1.00       168
                              Tomato___Target_Spot       0.99      0.99      0.99       141
            Tomato___Tomato_Yellow_Leaf_Curl_Virus       1.00      1.00      1.00       536
                      Tomato___Tomato_mosaic_virus       1.00      0.97      0.99        38
                                  Tomato___healthy       0.99      1.00      0.99       160

                                          accuracy                           1.00      5448
                                         macro avg       1.00      0.99      0.99      5448
                                      weighted avg       1.00      1.00      1.00      5448

